        -:    0:Source:TestInteger.c++
        -:    0:Graph:TestInteger.gcno
        -:    0:Data:TestInteger.gcda
        -:    0:Runs:3
        -:    0:Programs:1
        -:    1:// --------------------------------
        -:    2:// projects/integer/TestInteger.c++
        -:    3:// Copyright (C) 2014
        -:    4:// Glenn P. Downing
        -:    5:// --------------------------------
        -:    6:
        -:    7:// https://code.google.com/p/googletest/wiki/V1_7_Primer#Basic_Assertions
        -:    8:
        -:    9:/*
        -:   10:Google Test Libraries:
        -:   11:    % ls -al /usr/include/gtest/
        -:   12:    ...
        -:   13:    gtest.h
        -:   14:    ...
        -:   15:
        -:   16:    % locate libgtest.a
        -:   17:    /usr/lib/libgtest.a
        -:   18:
        -:   19:    % locate libpthread.a
        -:   20:    /usr/lib/x86_64-linux-gnu/libpthread.a
        -:   21:    /usr/lib32/libpthread.a
        -:   22:
        -:   23:    % locate libgtest_main.a
        -:   24:    /usr/lib/libgtest_main.a
        -:   25:
        -:   26:To compile the test:
        -:   27:    % g++-4.7 -fprofile-arcs -ftest-coverage -pedantic -std=c++11 -Wall Integer.c++ TestInteger.c++ -o TestInteger -lgtest -lgtest_main -lpthread
        -:   28:
        -:   29:To run the test:
        -:   30:    % valgrind TestInteger
        -:   31:
        -:   32:To obtain coverage of the test:
        -:   33:    % gcov-4.7 -b Integer.c++ TestInteger.c++
        -:   34:*/
        -:   35:
        -:   36:// --------
        -:   37:// includes
        -:   38:// --------
        -:   39:
        -:   40:#include <algorithm> // equal
        -:   41:#include <cstring>   // strcmp
        -:   42:#include <sstream>   // ostringstream
        -:   43:#include <stdexcept> // invalid_argument
        -:   44:#include <string>    // ==
        -:   45:
        -:   46:#include "gtest/gtest.h"
        -:   47:
        -:   48:#include "Integer.h"
        -:   49:
        -:   50:// -----------
        -:   51:// TestInteger
        -:   52:// -----------
        -:   53:
        -:   54:// -----------------
        -:   55:// shift_left_digits
        -:   56:// -----------------
        -:   57:
function _ZN32Integer_shift_left_digits_1_TestD0Ev called 3 returned 100% blocks executed 100%
function _ZN32Integer_shift_left_digits_1_TestD2Ev called 3 returned 100% blocks executed 75%
function _ZN32Integer_shift_left_digits_1_Test8TestBodyEv called 3 returned 100% blocks executed 30%
function _ZN32Integer_shift_left_digits_1_TestC2Ev called 3 returned 100% blocks executed 100%
       15:   58:TEST(Integer, shift_left_digits_1) {
call    0 returned 100%
call    1 returned 100%
call    2 returned 100%
call    3 returned 100%
call    4 returned 100%
call    5 returned 100%
call    6 returned 100%
branch  7 taken 0% (fallthrough)
branch  8 taken 100%
call    9 never executed
call   10 returned 100%
        3:   59:    const int a[] = {2, 3, 4};
        3:   60:    const int b[] = {0, 2, 3, 4};
        -:   61:          int x[10];
        3:   62:    const int* p = shift_left_digits(a, a + 3, 1, x);
call    0 returned 100%
        3:   63:    ASSERT_EQ(4, p - x);
branch  0 taken 100% (fallthrough)
branch  1 taken 0% (throw)
call    2 returned 100%
call    3 returned 100%
branch  4 taken 0% (fallthrough)
branch  5 taken 100%
branch  6 never executed
branch  7 never executed
call    8 never executed
branch  9 never executed
branch 10 never executed
call   11 never executed
branch 12 never executed
branch 13 never executed
call   14 never executed
branch 15 never executed
branch 16 never executed
call   17 never executed
branch 18 never executed
branch 19 never executed
call   20 never executed
branch 21 never executed
branch 22 never executed
call   23 never executed
branch 24 taken 100% (fallthrough)
branch 25 taken 0% (throw)
call   26 returned 100%
branch 27 taken 100%
branch 28 taken 0%
call   29 never executed
call   30 never executed
call   31 never executed
        3:   64:    ASSERT_TRUE(std::equal(const_cast<const int*>(x), p, b));}
branch  0 taken 100% (fallthrough)
branch  1 taken 0% (throw)
call    2 returned 100%
branch  3 taken 100% (fallthrough)
branch  4 taken 0% (throw)
call    5 returned 100%
call    6 returned 100%
branch  7 taken 0% (fallthrough)
branch  8 taken 100%
branch  9 never executed
branch 10 never executed
call   11 never executed
branch 12 never executed
branch 13 never executed
call   14 never executed
call   15 never executed
branch 16 never executed
branch 17 never executed
call   18 never executed
branch 19 never executed
branch 20 never executed
call   21 never executed
branch 22 never executed
branch 23 never executed
call   24 never executed
call   25 never executed
branch 26 never executed
branch 27 never executed
call   28 never executed
branch 29 taken 100% (fallthrough)
branch 30 taken 0% (throw)
call   31 returned 100%
branch 32 taken 100%
branch 33 taken 0%
call   34 never executed
call   35 never executed
call   36 never executed
call   37 never executed
call   38 never executed
        -:   65:
function _ZN32Integer_shift_left_digits_2_TestD0Ev called 3 returned 100% blocks executed 100%
function _ZN32Integer_shift_left_digits_2_TestD2Ev called 3 returned 100% blocks executed 75%
function _ZN32Integer_shift_left_digits_2_Test8TestBodyEv called 3 returned 100% blocks executed 30%
function _ZN32Integer_shift_left_digits_2_TestC2Ev called 3 returned 100% blocks executed 100%
       15:   66:TEST(Integer, shift_left_digits_2) {
call    0 returned 100%
call    1 returned 100%
call    2 returned 100%
call    3 returned 100%
call    4 returned 100%
call    5 returned 100%
call    6 returned 100%
branch  7 taken 0% (fallthrough)
branch  8 taken 100%
call    9 never executed
call   10 returned 100%
        3:   67:    const int a[] = {2, 3, 4};
        3:   68:    const int b[] = {0, 0, 0, 2, 3, 4};
        -:   69:          int x[10];
        3:   70:    const int* p = shift_left_digits(a, a + 3, 3, x);
call    0 returned 100%
        3:   71:    ASSERT_EQ(6, p - x);
branch  0 taken 100% (fallthrough)
branch  1 taken 0% (throw)
call    2 returned 100%
call    3 returned 100%
branch  4 taken 0% (fallthrough)
branch  5 taken 100%
branch  6 never executed
branch  7 never executed
call    8 never executed
branch  9 never executed
branch 10 never executed
call   11 never executed
branch 12 never executed
branch 13 never executed
call   14 never executed
branch 15 never executed
branch 16 never executed
call   17 never executed
branch 18 never executed
branch 19 never executed
call   20 never executed
branch 21 never executed
branch 22 never executed
call   23 never executed
branch 24 taken 100% (fallthrough)
branch 25 taken 0% (throw)
call   26 returned 100%
branch 27 taken 100%
branch 28 taken 0%
call   29 never executed
call   30 never executed
call   31 never executed
        3:   72:    ASSERT_TRUE(std::equal(const_cast<const int*>(x), p, b));}
branch  0 taken 100% (fallthrough)
branch  1 taken 0% (throw)
call    2 returned 100%
branch  3 taken 100% (fallthrough)
branch  4 taken 0% (throw)
call    5 returned 100%
call    6 returned 100%
branch  7 taken 0% (fallthrough)
branch  8 taken 100%
branch  9 never executed
branch 10 never executed
call   11 never executed
branch 12 never executed
branch 13 never executed
call   14 never executed
call   15 never executed
branch 16 never executed
branch 17 never executed
call   18 never executed
branch 19 never executed
branch 20 never executed
call   21 never executed
branch 22 never executed
branch 23 never executed
call   24 never executed
call   25 never executed
branch 26 never executed
branch 27 never executed
call   28 never executed
branch 29 taken 100% (fallthrough)
branch 30 taken 0% (throw)
call   31 returned 100%
branch 32 taken 100%
branch 33 taken 0%
call   34 never executed
call   35 never executed
call   36 never executed
call   37 never executed
call   38 never executed
        -:   73:
function _ZN32Integer_shift_left_digits_3_TestD0Ev called 3 returned 100% blocks executed 100%
function _ZN32Integer_shift_left_digits_3_TestD2Ev called 3 returned 100% blocks executed 75%
function _ZN32Integer_shift_left_digits_3_Test8TestBodyEv called 3 returned 100% blocks executed 30%
function _ZN32Integer_shift_left_digits_3_TestC2Ev called 3 returned 100% blocks executed 100%
       15:   74:TEST(Integer, shift_left_digits_3) {
call    0 returned 100%
call    1 returned 100%
call    2 returned 100%
call    3 returned 100%
call    4 returned 100%
call    5 returned 100%
call    6 returned 100%
branch  7 taken 0% (fallthrough)
branch  8 taken 100%
call    9 never executed
call   10 returned 100%
        3:   75:    const int a[] = {2, 3, 4};
        3:   76:    const int b[] = {0, 0, 2, 3, 4};
        -:   77:          int x[10];
        3:   78:    const int* p = shift_left_digits(a, a + 3, 2, x);
call    0 returned 100%
        3:   79:    ASSERT_EQ(5, p - x);
branch  0 taken 100% (fallthrough)
branch  1 taken 0% (throw)
call    2 returned 100%
call    3 returned 100%
branch  4 taken 0% (fallthrough)
branch  5 taken 100%
branch  6 never executed
branch  7 never executed
call    8 never executed
branch  9 never executed
branch 10 never executed
call   11 never executed
branch 12 never executed
branch 13 never executed
call   14 never executed
branch 15 never executed
branch 16 never executed
call   17 never executed
branch 18 never executed
branch 19 never executed
call   20 never executed
branch 21 never executed
branch 22 never executed
call   23 never executed
branch 24 taken 100% (fallthrough)
branch 25 taken 0% (throw)
call   26 returned 100%
branch 27 taken 100%
branch 28 taken 0%
call   29 never executed
call   30 never executed
call   31 never executed
        3:   80:    ASSERT_TRUE(std::equal(const_cast<const int*>(x), p, b));}
branch  0 taken 100% (fallthrough)
branch  1 taken 0% (throw)
call    2 returned 100%
branch  3 taken 100% (fallthrough)
branch  4 taken 0% (throw)
call    5 returned 100%
call    6 returned 100%
branch  7 taken 0% (fallthrough)
branch  8 taken 100%
branch  9 never executed
branch 10 never executed
call   11 never executed
branch 12 never executed
branch 13 never executed
call   14 never executed
call   15 never executed
branch 16 never executed
branch 17 never executed
call   18 never executed
branch 19 never executed
branch 20 never executed
call   21 never executed
branch 22 never executed
branch 23 never executed
call   24 never executed
call   25 never executed
branch 26 never executed
branch 27 never executed
call   28 never executed
branch 29 taken 100% (fallthrough)
branch 30 taken 0% (throw)
call   31 returned 100%
branch 32 taken 100%
branch 33 taken 0%
call   34 never executed
call   35 never executed
call   36 never executed
call   37 never executed
call   38 never executed
        -:   81:
        -:   82:// ------------------
        -:   83:// shift_right_digits
        -:   84:// ------------------
        -:   85:
function _ZN33Integer_shift_right_digits_1_TestD0Ev called 3 returned 100% blocks executed 100%
function _ZN33Integer_shift_right_digits_1_TestD2Ev called 3 returned 100% blocks executed 75%
function _ZN33Integer_shift_right_digits_1_Test8TestBodyEv called 3 returned 100% blocks executed 30%
function _ZN33Integer_shift_right_digits_1_TestC2Ev called 3 returned 100% blocks executed 100%
       15:   86:TEST(Integer, shift_right_digits_1) {
call    0 returned 100%
call    1 returned 100%
call    2 returned 100%
call    3 returned 100%
call    4 returned 100%
call    5 returned 100%
call    6 returned 100%
branch  7 taken 0% (fallthrough)
branch  8 taken 100%
call    9 never executed
call   10 returned 100%
        3:   87:    const int a[] = {2, 3, 4};
        3:   88:    const int b[] = {4};
        -:   89:          int x[10];
        3:   90:    const int* p = shift_right_digits(a, a + 3, 2, x);
branch  0 taken 100% (fallthrough)
branch  1 taken 0% (throw)
call    2 returned 100%
        3:   91:    ASSERT_EQ(1, p - x);
branch  0 taken 100% (fallthrough)
branch  1 taken 0% (throw)
call    2 returned 100%
call    3 returned 100%
branch  4 taken 0% (fallthrough)
branch  5 taken 100%
branch  6 never executed
branch  7 never executed
call    8 never executed
branch  9 never executed
branch 10 never executed
call   11 never executed
branch 12 never executed
branch 13 never executed
call   14 never executed
branch 15 never executed
branch 16 never executed
call   17 never executed
branch 18 never executed
branch 19 never executed
call   20 never executed
branch 21 never executed
branch 22 never executed
call   23 never executed
branch 24 taken 100% (fallthrough)
branch 25 taken 0% (throw)
call   26 returned 100%
branch 27 taken 100%
branch 28 taken 0%
call   29 never executed
call   30 never executed
call   31 never executed
        3:   92:    ASSERT_TRUE(std::equal(const_cast<const int*>(x), p, b));}
branch  0 taken 100% (fallthrough)
branch  1 taken 0% (throw)
call    2 returned 100%
branch  3 taken 100% (fallthrough)
branch  4 taken 0% (throw)
call    5 returned 100%
call    6 returned 100%
branch  7 taken 0% (fallthrough)
branch  8 taken 100%
branch  9 never executed
branch 10 never executed
call   11 never executed
branch 12 never executed
branch 13 never executed
call   14 never executed
call   15 never executed
branch 16 never executed
branch 17 never executed
call   18 never executed
branch 19 never executed
branch 20 never executed
call   21 never executed
branch 22 never executed
branch 23 never executed
call   24 never executed
call   25 never executed
branch 26 never executed
branch 27 never executed
call   28 never executed
branch 29 taken 100% (fallthrough)
branch 30 taken 0% (throw)
call   31 returned 100%
branch 32 taken 100%
branch 33 taken 0%
call   34 never executed
call   35 never executed
call   36 never executed
call   37 never executed
call   38 never executed
        -:   93:
function _ZN33Integer_shift_right_digits_2_TestD0Ev called 3 returned 100% blocks executed 100%
function _ZN33Integer_shift_right_digits_2_TestD2Ev called 3 returned 100% blocks executed 75%
function _ZN33Integer_shift_right_digits_2_Test8TestBodyEv called 3 returned 100% blocks executed 30%
function _ZN33Integer_shift_right_digits_2_TestC2Ev called 3 returned 100% blocks executed 100%
       15:   94:TEST(Integer, shift_right_digits_2) {
call    0 returned 100%
call    1 returned 100%
call    2 returned 100%
call    3 returned 100%
call    4 returned 100%
call    5 returned 100%
call    6 returned 100%
branch  7 taken 0% (fallthrough)
branch  8 taken 100%
call    9 never executed
call   10 returned 100%
        3:   95:    const int a[] = {2, 3, 4};
        3:   96:    const int b[] = {3, 4};
        -:   97:          int x[10];
        3:   98:    const int* p = shift_right_digits(a, a + 3, 1, x);
branch  0 taken 100% (fallthrough)
branch  1 taken 0% (throw)
call    2 returned 100%
        3:   99:    ASSERT_EQ(2, p - x);
branch  0 taken 100% (fallthrough)
branch  1 taken 0% (throw)
call    2 returned 100%
call    3 returned 100%
branch  4 taken 0% (fallthrough)
branch  5 taken 100%
branch  6 never executed
branch  7 never executed
call    8 never executed
branch  9 never executed
branch 10 never executed
call   11 never executed
branch 12 never executed
branch 13 never executed
call   14 never executed
branch 15 never executed
branch 16 never executed
call   17 never executed
branch 18 never executed
branch 19 never executed
call   20 never executed
branch 21 never executed
branch 22 never executed
call   23 never executed
branch 24 taken 100% (fallthrough)
branch 25 taken 0% (throw)
call   26 returned 100%
branch 27 taken 100%
branch 28 taken 0%
call   29 never executed
call   30 never executed
call   31 never executed
        3:  100:    ASSERT_TRUE(std::equal(const_cast<const int*>(x), p, b));}
branch  0 taken 100% (fallthrough)
branch  1 taken 0% (throw)
call    2 returned 100%
branch  3 taken 100% (fallthrough)
branch  4 taken 0% (throw)
call    5 returned 100%
call    6 returned 100%
branch  7 taken 0% (fallthrough)
branch  8 taken 100%
branch  9 never executed
branch 10 never executed
call   11 never executed
branch 12 never executed
branch 13 never executed
call   14 never executed
call   15 never executed
branch 16 never executed
branch 17 never executed
call   18 never executed
branch 19 never executed
branch 20 never executed
call   21 never executed
branch 22 never executed
branch 23 never executed
call   24 never executed
call   25 never executed
branch 26 never executed
branch 27 never executed
call   28 never executed
branch 29 taken 100% (fallthrough)
branch 30 taken 0% (throw)
call   31 returned 100%
branch 32 taken 100%
branch 33 taken 0%
call   34 never executed
call   35 never executed
call   36 never executed
call   37 never executed
call   38 never executed
        -:  101:
function _ZN33Integer_shift_right_digits_3_TestD0Ev called 3 returned 100% blocks executed 100%
function _ZN33Integer_shift_right_digits_3_TestD2Ev called 3 returned 100% blocks executed 75%
function _ZN33Integer_shift_right_digits_3_Test8TestBodyEv called 3 returned 100% blocks executed 30%
function _ZN33Integer_shift_right_digits_3_TestC2Ev called 3 returned 100% blocks executed 100%
       15:  102:TEST(Integer, shift_right_digits_3) {
call    0 returned 100%
call    1 returned 100%
call    2 returned 100%
call    3 returned 100%
call    4 returned 100%
call    5 returned 100%
call    6 returned 100%
branch  7 taken 0% (fallthrough)
branch  8 taken 100%
call    9 never executed
call   10 returned 100%
        3:  103:    const int a[] = {2, 3, 4, 5, 6};
        3:  104:    const int b[] = {5, 6};
        -:  105:          int x[10];
        3:  106:    const int* p = shift_right_digits(a, a + 5, 3, x);
branch  0 taken 100% (fallthrough)
branch  1 taken 0% (throw)
call    2 returned 100%
        3:  107:    ASSERT_EQ(2, p - x);
branch  0 taken 100% (fallthrough)
branch  1 taken 0% (throw)
call    2 returned 100%
call    3 returned 100%
branch  4 taken 0% (fallthrough)
branch  5 taken 100%
branch  6 never executed
branch  7 never executed
call    8 never executed
branch  9 never executed
branch 10 never executed
call   11 never executed
branch 12 never executed
branch 13 never executed
call   14 never executed
branch 15 never executed
branch 16 never executed
call   17 never executed
branch 18 never executed
branch 19 never executed
call   20 never executed
branch 21 never executed
branch 22 never executed
call   23 never executed
branch 24 taken 100% (fallthrough)
branch 25 taken 0% (throw)
call   26 returned 100%
branch 27 taken 100%
branch 28 taken 0%
call   29 never executed
call   30 never executed
call   31 never executed
        3:  108:    ASSERT_TRUE(std::equal(const_cast<const int*>(x), p, b));}
branch  0 taken 100% (fallthrough)
branch  1 taken 0% (throw)
call    2 returned 100%
branch  3 taken 100% (fallthrough)
branch  4 taken 0% (throw)
call    5 returned 100%
call    6 returned 100%
branch  7 taken 0% (fallthrough)
branch  8 taken 100%
branch  9 never executed
branch 10 never executed
call   11 never executed
branch 12 never executed
branch 13 never executed
call   14 never executed
call   15 never executed
branch 16 never executed
branch 17 never executed
call   18 never executed
branch 19 never executed
branch 20 never executed
call   21 never executed
branch 22 never executed
branch 23 never executed
call   24 never executed
call   25 never executed
branch 26 never executed
branch 27 never executed
call   28 never executed
branch 29 taken 100% (fallthrough)
branch 30 taken 0% (throw)
call   31 returned 100%
branch 32 taken 100%
branch 33 taken 0%
call   34 never executed
call   35 never executed
call   36 never executed
call   37 never executed
call   38 never executed
        -:  109:
        -:  110:// -----------
        -:  111:// plus_digits
        -:  112:// -----------
        -:  113:
function _ZN26Integer_plus_digits_1_TestD0Ev called 3 returned 100% blocks executed 100%
function _ZN26Integer_plus_digits_1_TestD2Ev called 3 returned 100% blocks executed 75%
function _ZN26Integer_plus_digits_1_Test8TestBodyEv called 3 returned 100% blocks executed 30%
function _ZN26Integer_plus_digits_1_TestC2Ev called 3 returned 100% blocks executed 100%
       15:  114:TEST(Integer, plus_digits_1) {
call    0 returned 100%
call    1 returned 100%
call    2 returned 100%
call    3 returned 100%
call    4 returned 100%
call    5 returned 100%
call    6 returned 100%
branch  7 taken 0% (fallthrough)
branch  8 taken 100%
call    9 never executed
call   10 returned 100%
        3:  115:    const int a[] = {0, 0, 1};
        3:  116:    const int b[] = {9, 9, 1};
        3:  117:    const int c[] = {9, 9, 2};
        -:  118:          int x[10];
        3:  119:    const int* p = plus_digits(a, a + 3, b, b + 3, x);
call    0 returned 100%
        3:  120:    ASSERT_EQ(3, p - x);
branch  0 taken 100% (fallthrough)
branch  1 taken 0% (throw)
call    2 returned 100%
call    3 returned 100%
branch  4 taken 0% (fallthrough)
branch  5 taken 100%
branch  6 never executed
branch  7 never executed
call    8 never executed
branch  9 never executed
branch 10 never executed
call   11 never executed
branch 12 never executed
branch 13 never executed
call   14 never executed
branch 15 never executed
branch 16 never executed
call   17 never executed
branch 18 never executed
branch 19 never executed
call   20 never executed
branch 21 never executed
branch 22 never executed
call   23 never executed
branch 24 taken 100% (fallthrough)
branch 25 taken 0% (throw)
call   26 returned 100%
branch 27 taken 100%
branch 28 taken 0%
call   29 never executed
call   30 never executed
call   31 never executed
        3:  121:    ASSERT_TRUE(std::equal(const_cast<const int*>(x), p, c));}
branch  0 taken 100% (fallthrough)
branch  1 taken 0% (throw)
call    2 returned 100%
branch  3 taken 100% (fallthrough)
branch  4 taken 0% (throw)
call    5 returned 100%
call    6 returned 100%
branch  7 taken 0% (fallthrough)
branch  8 taken 100%
branch  9 never executed
branch 10 never executed
call   11 never executed
branch 12 never executed
branch 13 never executed
call   14 never executed
call   15 never executed
branch 16 never executed
branch 17 never executed
call   18 never executed
branch 19 never executed
branch 20 never executed
call   21 never executed
branch 22 never executed
branch 23 never executed
call   24 never executed
call   25 never executed
branch 26 never executed
branch 27 never executed
call   28 never executed
branch 29 taken 100% (fallthrough)
branch 30 taken 0% (throw)
call   31 returned 100%
branch 32 taken 100%
branch 33 taken 0%
call   34 never executed
call   35 never executed
call   36 never executed
call   37 never executed
call   38 never executed
        -:  122:
function _ZN26Integer_plus_digits_2_TestD0Ev called 3 returned 100% blocks executed 100%
function _ZN26Integer_plus_digits_2_TestD2Ev called 3 returned 100% blocks executed 75%
function _ZN26Integer_plus_digits_2_Test8TestBodyEv called 3 returned 100% blocks executed 30%
function _ZN26Integer_plus_digits_2_TestC2Ev called 3 returned 100% blocks executed 100%
       15:  123:TEST(Integer, plus_digits_2) {
call    0 returned 100%
call    1 returned 100%
call    2 returned 100%
call    3 returned 100%
call    4 returned 100%
call    5 returned 100%
call    6 returned 100%
branch  7 taken 0% (fallthrough)
branch  8 taken 100%
call    9 never executed
call   10 returned 100%
        3:  124:    const int a[] = {1};
        3:  125:    const int b[] = {5, 6, 7};
        3:  126:    const int c[] = {6, 6, 7};
        -:  127:          int x[10];
        3:  128:    const int* p = plus_digits(a, a + 1, b, b + 3, x);
call    0 returned 100%
        3:  129:    ASSERT_EQ(3, p - x);
branch  0 taken 100% (fallthrough)
branch  1 taken 0% (throw)
call    2 returned 100%
call    3 returned 100%
branch  4 taken 0% (fallthrough)
branch  5 taken 100%
branch  6 never executed
branch  7 never executed
call    8 never executed
branch  9 never executed
branch 10 never executed
call   11 never executed
branch 12 never executed
branch 13 never executed
call   14 never executed
branch 15 never executed
branch 16 never executed
call   17 never executed
branch 18 never executed
branch 19 never executed
call   20 never executed
branch 21 never executed
branch 22 never executed
call   23 never executed
branch 24 taken 100% (fallthrough)
branch 25 taken 0% (throw)
call   26 returned 100%
branch 27 taken 100%
branch 28 taken 0%
call   29 never executed
call   30 never executed
call   31 never executed
        3:  130:    ASSERT_TRUE(std::equal(const_cast<const int*>(x), p, c));}
branch  0 taken 100% (fallthrough)
branch  1 taken 0% (throw)
call    2 returned 100%
branch  3 taken 100% (fallthrough)
branch  4 taken 0% (throw)
call    5 returned 100%
call    6 returned 100%
branch  7 taken 0% (fallthrough)
branch  8 taken 100%
branch  9 never executed
branch 10 never executed
call   11 never executed
branch 12 never executed
branch 13 never executed
call   14 never executed
call   15 never executed
branch 16 never executed
branch 17 never executed
call   18 never executed
branch 19 never executed
branch 20 never executed
call   21 never executed
branch 22 never executed
branch 23 never executed
call   24 never executed
call   25 never executed
branch 26 never executed
branch 27 never executed
call   28 never executed
branch 29 taken 100% (fallthrough)
branch 30 taken 0% (throw)
call   31 returned 100%
branch 32 taken 100%
branch 33 taken 0%
call   34 never executed
call   35 never executed
call   36 never executed
call   37 never executed
call   38 never executed
        -:  131:
function _ZN26Integer_plus_digits_3_TestD0Ev called 3 returned 100% blocks executed 100%
function _ZN26Integer_plus_digits_3_TestD2Ev called 3 returned 100% blocks executed 75%
function _ZN26Integer_plus_digits_3_Test8TestBodyEv called 3 returned 100% blocks executed 30%
function _ZN26Integer_plus_digits_3_TestC2Ev called 3 returned 100% blocks executed 100%
       15:  132:TEST(Integer, plus_digits_3) {
call    0 returned 100%
call    1 returned 100%
call    2 returned 100%
call    3 returned 100%
call    4 returned 100%
call    5 returned 100%
call    6 returned 100%
branch  7 taken 0% (fallthrough)
branch  8 taken 100%
call    9 never executed
call   10 returned 100%
        3:  133:    const int a[] = {5, 6, 7};
        3:  134:    const int b[] = {2, 3, 4};
        3:  135:    const int c[] = {7, 9, 1, 1};
        -:  136:          int x[10];
        3:  137:    const int* p = plus_digits(a, a + 3, b, b + 3, x);
call    0 returned 100%
        3:  138:    ASSERT_EQ(4, p - x);
branch  0 taken 100% (fallthrough)
branch  1 taken 0% (throw)
call    2 returned 100%
call    3 returned 100%
branch  4 taken 0% (fallthrough)
branch  5 taken 100%
branch  6 never executed
branch  7 never executed
call    8 never executed
branch  9 never executed
branch 10 never executed
call   11 never executed
branch 12 never executed
branch 13 never executed
call   14 never executed
branch 15 never executed
branch 16 never executed
call   17 never executed
branch 18 never executed
branch 19 never executed
call   20 never executed
branch 21 never executed
branch 22 never executed
call   23 never executed
branch 24 taken 100% (fallthrough)
branch 25 taken 0% (throw)
call   26 returned 100%
branch 27 taken 100%
branch 28 taken 0%
call   29 never executed
call   30 never executed
call   31 never executed
        3:  139:    ASSERT_TRUE(std::equal(const_cast<const int*>(x), p, c));}
branch  0 taken 100% (fallthrough)
branch  1 taken 0% (throw)
call    2 returned 100%
branch  3 taken 100% (fallthrough)
branch  4 taken 0% (throw)
call    5 returned 100%
call    6 returned 100%
branch  7 taken 0% (fallthrough)
branch  8 taken 100%
branch  9 never executed
branch 10 never executed
call   11 never executed
branch 12 never executed
branch 13 never executed
call   14 never executed
call   15 never executed
branch 16 never executed
branch 17 never executed
call   18 never executed
branch 19 never executed
branch 20 never executed
call   21 never executed
branch 22 never executed
branch 23 never executed
call   24 never executed
call   25 never executed
branch 26 never executed
branch 27 never executed
call   28 never executed
branch 29 taken 100% (fallthrough)
branch 30 taken 0% (throw)
call   31 returned 100%
branch 32 taken 100%
branch 33 taken 0%
call   34 never executed
call   35 never executed
call   36 never executed
call   37 never executed
call   38 never executed
        -:  140:
        -:  141:
        -:  142:// ------------
        -:  143:// minus_digits
        -:  144:// ------------
        -:  145:
function _ZN25Integer_minus_digits_TestD0Ev called 3 returned 100% blocks executed 100%
function _ZN25Integer_minus_digits_TestD2Ev called 3 returned 100% blocks executed 75%
function _ZN25Integer_minus_digits_Test8TestBodyEv called 3 returned 100% blocks executed 30%
function _ZN25Integer_minus_digits_TestC2Ev called 3 returned 100% blocks executed 100%
       15:  146:TEST(Integer, minus_digits) {
call    0 returned 100%
call    1 returned 100%
call    2 returned 100%
call    3 returned 100%
call    4 returned 100%
call    5 returned 100%
call    6 returned 100%
branch  7 taken 0% (fallthrough)
branch  8 taken 100%
call    9 never executed
call   10 returned 100%
        3:  147:    const int a[] = {5, 4, 3, 2, 1};
        3:  148:    const int b[] = {0, 4, 3, 2, 1};
        3:  149:    const int c[] = {5};
        -:  150:          int x[10];
        3:  151:    const int* p = minus_digits(b, b + 5, a, a + 5, x);
call    0 returned 100%
        3:  152:    ASSERT_EQ(1, p - x);
branch  0 taken 100% (fallthrough)
branch  1 taken 0% (throw)
call    2 returned 100%
call    3 returned 100%
branch  4 taken 0% (fallthrough)
branch  5 taken 100%
branch  6 never executed
branch  7 never executed
call    8 never executed
branch  9 never executed
branch 10 never executed
call   11 never executed
branch 12 never executed
branch 13 never executed
call   14 never executed
branch 15 never executed
branch 16 never executed
call   17 never executed
branch 18 never executed
branch 19 never executed
call   20 never executed
branch 21 never executed
branch 22 never executed
call   23 never executed
branch 24 taken 100% (fallthrough)
branch 25 taken 0% (throw)
call   26 returned 100%
branch 27 taken 100%
branch 28 taken 0%
call   29 never executed
call   30 never executed
call   31 never executed
        3:  153:    ASSERT_TRUE(std::equal(const_cast<const int*>(x), p, c));}
branch  0 taken 100% (fallthrough)
branch  1 taken 0% (throw)
call    2 returned 100%
branch  3 taken 100% (fallthrough)
branch  4 taken 0% (throw)
call    5 returned 100%
call    6 returned 100%
branch  7 taken 0% (fallthrough)
branch  8 taken 100%
branch  9 never executed
branch 10 never executed
call   11 never executed
branch 12 never executed
branch 13 never executed
call   14 never executed
call   15 never executed
branch 16 never executed
branch 17 never executed
call   18 never executed
branch 19 never executed
branch 20 never executed
call   21 never executed
branch 22 never executed
branch 23 never executed
call   24 never executed
call   25 never executed
branch 26 never executed
branch 27 never executed
call   28 never executed
branch 29 taken 100% (fallthrough)
branch 30 taken 0% (throw)
call   31 returned 100%
branch 32 taken 100%
branch 33 taken 0%
call   34 never executed
call   35 never executed
call   36 never executed
call   37 never executed
call   38 never executed
        -:  154:
function _ZN27Integer_minus_digitsII_TestD0Ev called 3 returned 100% blocks executed 100%
function _ZN27Integer_minus_digitsII_TestD2Ev called 3 returned 100% blocks executed 75%
function _ZN27Integer_minus_digitsII_Test8TestBodyEv called 3 returned 100% blocks executed 30%
function _ZN27Integer_minus_digitsII_TestC2Ev called 3 returned 100% blocks executed 100%
       15:  155:TEST(Integer, minus_digitsII) {
call    0 returned 100%
call    1 returned 100%
call    2 returned 100%
call    3 returned 100%
call    4 returned 100%
call    5 returned 100%
call    6 returned 100%
branch  7 taken 0% (fallthrough)
branch  8 taken 100%
call    9 never executed
call   10 returned 100%
        3:  156:    const int a[] = {1, 0, 8};
        3:  157:    const int b[] = {7, 6, 5};
        3:  158:    const int c[] = {4, 3, 2};
        -:  159:          int x[10];
        3:  160:    const int* p = minus_digits(a, a + 3, b, b + 3, x);
call    0 returned 100%
        3:  161:    ASSERT_EQ(3, p - x);
branch  0 taken 100% (fallthrough)
branch  1 taken 0% (throw)
call    2 returned 100%
call    3 returned 100%
branch  4 taken 0% (fallthrough)
branch  5 taken 100%
branch  6 never executed
branch  7 never executed
call    8 never executed
branch  9 never executed
branch 10 never executed
call   11 never executed
branch 12 never executed
branch 13 never executed
call   14 never executed
branch 15 never executed
branch 16 never executed
call   17 never executed
branch 18 never executed
branch 19 never executed
call   20 never executed
branch 21 never executed
branch 22 never executed
call   23 never executed
branch 24 taken 100% (fallthrough)
branch 25 taken 0% (throw)
call   26 returned 100%
branch 27 taken 100%
branch 28 taken 0%
call   29 never executed
call   30 never executed
call   31 never executed
        3:  162:    ASSERT_TRUE(std::equal(const_cast<const int*>(x), p, c));}
branch  0 taken 100% (fallthrough)
branch  1 taken 0% (throw)
call    2 returned 100%
branch  3 taken 100% (fallthrough)
branch  4 taken 0% (throw)
call    5 returned 100%
call    6 returned 100%
branch  7 taken 0% (fallthrough)
branch  8 taken 100%
branch  9 never executed
branch 10 never executed
call   11 never executed
branch 12 never executed
branch 13 never executed
call   14 never executed
call   15 never executed
branch 16 never executed
branch 17 never executed
call   18 never executed
branch 19 never executed
branch 20 never executed
call   21 never executed
branch 22 never executed
branch 23 never executed
call   24 never executed
call   25 never executed
branch 26 never executed
branch 27 never executed
call   28 never executed
branch 29 taken 100% (fallthrough)
branch 30 taken 0% (throw)
call   31 returned 100%
branch 32 taken 100%
branch 33 taken 0%
call   34 never executed
call   35 never executed
call   36 never executed
call   37 never executed
call   38 never executed
        -:  163:    
function _ZN28Integer_minus_digitsIII_TestD0Ev called 3 returned 100% blocks executed 100%
function _ZN28Integer_minus_digitsIII_TestD2Ev called 3 returned 100% blocks executed 75%
function _ZN28Integer_minus_digitsIII_Test8TestBodyEv called 3 returned 100% blocks executed 30%
function _ZN28Integer_minus_digitsIII_TestC2Ev called 3 returned 100% blocks executed 100%
       15:  164:TEST(Integer, minus_digitsIII) {
call    0 returned 100%
call    1 returned 100%
call    2 returned 100%
call    3 returned 100%
call    4 returned 100%
call    5 returned 100%
call    6 returned 100%
branch  7 taken 0% (fallthrough)
branch  8 taken 100%
call    9 never executed
call   10 returned 100%
        3:  165:    const int a[] = {7, 1, 5};
        3:  166:    const int b[] = {1, 2};
        3:  167:    const int c[] = {6, 9, 4};
        -:  168:          int x[10];
        3:  169:    const int* p = minus_digits(a, a + 3, b, b + 2, x);
call    0 returned 100%
        3:  170:    ASSERT_EQ(3, p - x);
branch  0 taken 100% (fallthrough)
branch  1 taken 0% (throw)
call    2 returned 100%
call    3 returned 100%
branch  4 taken 0% (fallthrough)
branch  5 taken 100%
branch  6 never executed
branch  7 never executed
call    8 never executed
branch  9 never executed
branch 10 never executed
call   11 never executed
branch 12 never executed
branch 13 never executed
call   14 never executed
branch 15 never executed
branch 16 never executed
call   17 never executed
branch 18 never executed
branch 19 never executed
call   20 never executed
branch 21 never executed
branch 22 never executed
call   23 never executed
branch 24 taken 100% (fallthrough)
branch 25 taken 0% (throw)
call   26 returned 100%
branch 27 taken 100%
branch 28 taken 0%
call   29 never executed
call   30 never executed
call   31 never executed
        3:  171:    ASSERT_TRUE(std::equal(const_cast<const int*>(x), p, c));}
branch  0 taken 100% (fallthrough)
branch  1 taken 0% (throw)
call    2 returned 100%
branch  3 taken 100% (fallthrough)
branch  4 taken 0% (throw)
call    5 returned 100%
call    6 returned 100%
branch  7 taken 0% (fallthrough)
branch  8 taken 100%
branch  9 never executed
branch 10 never executed
call   11 never executed
branch 12 never executed
branch 13 never executed
call   14 never executed
call   15 never executed
branch 16 never executed
branch 17 never executed
call   18 never executed
branch 19 never executed
branch 20 never executed
call   21 never executed
branch 22 never executed
branch 23 never executed
call   24 never executed
call   25 never executed
branch 26 never executed
branch 27 never executed
call   28 never executed
branch 29 taken 100% (fallthrough)
branch 30 taken 0% (throw)
call   31 returned 100%
branch 32 taken 100%
branch 33 taken 0%
call   34 never executed
call   35 never executed
call   36 never executed
call   37 never executed
call   38 never executed
        -:  172:    
        -:  173:// -----------------
        -:  174:// multiplies_digits
        -:  175:// -----------------
        -:  176:
function _ZN32Integer_multiplies_digits_1_TestD0Ev called 3 returned 100% blocks executed 100%
function _ZN32Integer_multiplies_digits_1_TestD2Ev called 3 returned 100% blocks executed 75%
function _ZN32Integer_multiplies_digits_1_Test8TestBodyEv called 3 returned 100% blocks executed 30%
function _ZN32Integer_multiplies_digits_1_TestC2Ev called 3 returned 100% blocks executed 100%
       15:  177:TEST(Integer, multiplies_digits_1) {
call    0 returned 100%
call    1 returned 100%
call    2 returned 100%
call    3 returned 100%
call    4 returned 100%
call    5 returned 100%
call    6 returned 100%
branch  7 taken 0% (fallthrough)
branch  8 taken 100%
call    9 never executed
call   10 returned 100%
        3:  178:    const int a[] = {2, 3, 4};
        3:  179:    const int b[] = {5, 6, 7};
        3:  180:    const int c[] = {0, 8, 4, 0, 3, 3};
        -:  181:          int x[10];
        -:  182:    //cout << "1";
        3:  183:    const int* p = multiplies_digits(a, a + 3, b, b + 3, x);
call    0 returned 100%
        -:  184:    //cout << "2";
        3:  185:    ASSERT_EQ(6, p - x);
branch  0 taken 100% (fallthrough)
branch  1 taken 0% (throw)
call    2 returned 100%
call    3 returned 100%
branch  4 taken 0% (fallthrough)
branch  5 taken 100%
branch  6 never executed
branch  7 never executed
call    8 never executed
branch  9 never executed
branch 10 never executed
call   11 never executed
branch 12 never executed
branch 13 never executed
call   14 never executed
branch 15 never executed
branch 16 never executed
call   17 never executed
branch 18 never executed
branch 19 never executed
call   20 never executed
branch 21 never executed
branch 22 never executed
call   23 never executed
branch 24 taken 100% (fallthrough)
branch 25 taken 0% (throw)
call   26 returned 100%
branch 27 taken 100%
branch 28 taken 0%
call   29 never executed
call   30 never executed
call   31 never executed
        3:  186:    ASSERT_TRUE(std::equal(const_cast<const int*>(x), p, c));}
branch  0 taken 100% (fallthrough)
branch  1 taken 0% (throw)
call    2 returned 100%
branch  3 taken 100% (fallthrough)
branch  4 taken 0% (throw)
call    5 returned 100%
call    6 returned 100%
branch  7 taken 0% (fallthrough)
branch  8 taken 100%
branch  9 never executed
branch 10 never executed
call   11 never executed
branch 12 never executed
branch 13 never executed
call   14 never executed
call   15 never executed
branch 16 never executed
branch 17 never executed
call   18 never executed
branch 19 never executed
branch 20 never executed
call   21 never executed
branch 22 never executed
branch 23 never executed
call   24 never executed
call   25 never executed
branch 26 never executed
branch 27 never executed
call   28 never executed
branch 29 taken 100% (fallthrough)
branch 30 taken 0% (throw)
call   31 returned 100%
branch 32 taken 100%
branch 33 taken 0%
call   34 never executed
call   35 never executed
call   36 never executed
call   37 never executed
call   38 never executed
        -:  187:
function _ZN32Integer_multiplies_digits_2_TestD0Ev called 3 returned 100% blocks executed 100%
function _ZN32Integer_multiplies_digits_2_TestD2Ev called 3 returned 100% blocks executed 75%
function _ZN32Integer_multiplies_digits_2_Test8TestBodyEv called 3 returned 100% blocks executed 30%
function _ZN32Integer_multiplies_digits_2_TestC2Ev called 3 returned 100% blocks executed 100%
       15:  188:TEST(Integer, multiplies_digits_2) {
call    0 returned 100%
call    1 returned 100%
call    2 returned 100%
call    3 returned 100%
call    4 returned 100%
call    5 returned 100%
call    6 returned 100%
branch  7 taken 0% (fallthrough)
branch  8 taken 100%
call    9 never executed
call   10 returned 100%
        3:  189:    const int a[] = {1, 2, 3, 4, 5};
        3:  190:    const int b[] = {3, 4, 5, 6, 7};
        3:  191:    const int c[] = {3, 0, 3, 2, 9, 8, 7, 5, 1, 4};
        -:  192:          int x[10];
        3:  193:    const int* p = multiplies_digits(a, a + 5, b, b + 5, x);
call    0 returned 100%
        3:  194:    ASSERT_EQ(10, p - x);
branch  0 taken 100% (fallthrough)
branch  1 taken 0% (throw)
call    2 returned 100%
call    3 returned 100%
branch  4 taken 0% (fallthrough)
branch  5 taken 100%
branch  6 never executed
branch  7 never executed
call    8 never executed
branch  9 never executed
branch 10 never executed
call   11 never executed
branch 12 never executed
branch 13 never executed
call   14 never executed
branch 15 never executed
branch 16 never executed
call   17 never executed
branch 18 never executed
branch 19 never executed
call   20 never executed
branch 21 never executed
branch 22 never executed
call   23 never executed
branch 24 taken 100% (fallthrough)
branch 25 taken 0% (throw)
call   26 returned 100%
branch 27 taken 100%
branch 28 taken 0%
call   29 never executed
call   30 never executed
call   31 never executed
        3:  195:    ASSERT_TRUE(std::equal(const_cast<const int*>(x), p, c));}
branch  0 taken 100% (fallthrough)
branch  1 taken 0% (throw)
call    2 returned 100%
branch  3 taken 100% (fallthrough)
branch  4 taken 0% (throw)
call    5 returned 100%
call    6 returned 100%
branch  7 taken 0% (fallthrough)
branch  8 taken 100%
branch  9 never executed
branch 10 never executed
call   11 never executed
branch 12 never executed
branch 13 never executed
call   14 never executed
call   15 never executed
branch 16 never executed
branch 17 never executed
call   18 never executed
branch 19 never executed
branch 20 never executed
call   21 never executed
branch 22 never executed
branch 23 never executed
call   24 never executed
call   25 never executed
branch 26 never executed
branch 27 never executed
call   28 never executed
branch 29 taken 100% (fallthrough)
branch 30 taken 0% (throw)
call   31 returned 100%
branch 32 taken 100%
branch 33 taken 0%
call   34 never executed
call   35 never executed
call   36 never executed
call   37 never executed
call   38 never executed
        -:  196:
function _ZN32Integer_multiplies_digits_3_TestD0Ev called 3 returned 100% blocks executed 100%
function _ZN32Integer_multiplies_digits_3_TestD2Ev called 3 returned 100% blocks executed 75%
function _ZN32Integer_multiplies_digits_3_Test8TestBodyEv called 3 returned 100% blocks executed 30%
function _ZN32Integer_multiplies_digits_3_TestC2Ev called 3 returned 100% blocks executed 100%
       15:  197:TEST(Integer, multiplies_digits_3) {
call    0 returned 100%
call    1 returned 100%
call    2 returned 100%
call    3 returned 100%
call    4 returned 100%
call    5 returned 100%
call    6 returned 100%
branch  7 taken 0% (fallthrough)
branch  8 taken 100%
call    9 never executed
call   10 returned 100%
        3:  198:    const int a[] = {2,};
        3:  199:    const int b[] = {5};
        3:  200:    const int c[] = {0, 1};
        -:  201:          int x[10];
        3:  202:    const int* p = multiplies_digits(a, a + 1, b, b + 1, x);
call    0 returned 100%
        3:  203:    ASSERT_EQ(2, p - x);
branch  0 taken 100% (fallthrough)
branch  1 taken 0% (throw)
call    2 returned 100%
call    3 returned 100%
branch  4 taken 0% (fallthrough)
branch  5 taken 100%
branch  6 never executed
branch  7 never executed
call    8 never executed
branch  9 never executed
branch 10 never executed
call   11 never executed
branch 12 never executed
branch 13 never executed
call   14 never executed
branch 15 never executed
branch 16 never executed
call   17 never executed
branch 18 never executed
branch 19 never executed
call   20 never executed
branch 21 never executed
branch 22 never executed
call   23 never executed
branch 24 taken 100% (fallthrough)
branch 25 taken 0% (throw)
call   26 returned 100%
branch 27 taken 100%
branch 28 taken 0%
call   29 never executed
call   30 never executed
call   31 never executed
        3:  204:    ASSERT_TRUE(std::equal(const_cast<const int*>(x), p, c));}
branch  0 taken 100% (fallthrough)
branch  1 taken 0% (throw)
call    2 returned 100%
branch  3 taken 100% (fallthrough)
branch  4 taken 0% (throw)
call    5 returned 100%
call    6 returned 100%
branch  7 taken 0% (fallthrough)
branch  8 taken 100%
branch  9 never executed
branch 10 never executed
call   11 never executed
branch 12 never executed
branch 13 never executed
call   14 never executed
call   15 never executed
branch 16 never executed
branch 17 never executed
call   18 never executed
branch 19 never executed
branch 20 never executed
call   21 never executed
branch 22 never executed
branch 23 never executed
call   24 never executed
call   25 never executed
branch 26 never executed
branch 27 never executed
call   28 never executed
branch 29 taken 100% (fallthrough)
branch 30 taken 0% (throw)
call   31 returned 100%
branch 32 taken 100%
branch 33 taken 0%
call   34 never executed
call   35 never executed
call   36 never executed
call   37 never executed
call   38 never executed
        -:  205:
        -:  206:// --------------
        -:  207:// divides_digits
        -:  208:// --------------
        -:  209:
function _ZN29Integer_divides_digits_1_TestD0Ev called 3 returned 100% blocks executed 100%
function _ZN29Integer_divides_digits_1_TestD2Ev called 3 returned 100% blocks executed 75%
function _ZN29Integer_divides_digits_1_Test8TestBodyEv called 3 returned 100% blocks executed 30%
function _ZN29Integer_divides_digits_1_TestC2Ev called 3 returned 100% blocks executed 100%
       15:  210:TEST(Integer, divides_digits_1) {
call    0 returned 100%
call    1 returned 100%
call    2 returned 100%
call    3 returned 100%
call    4 returned 100%
call    5 returned 100%
call    6 returned 100%
branch  7 taken 0% (fallthrough)
branch  8 taken 100%
call    9 never executed
call   10 returned 100%
        3:  211:    const int a[] = {0, 8, 4, 0, 3, 3};
        3:  212:    const int b[] = {5, 6, 7};
        3:  213:    const int c[] = {2, 3, 4};
        -:  214:          int x[10];
        3:  215:    const int* p = divides_digits(a, a + 6, b, b + 3, x);
branch  0 taken 100% (fallthrough)
branch  1 taken 0% (throw)
call    2 returned 100%
        3:  216:    ASSERT_EQ(3, p - x);
branch  0 taken 100% (fallthrough)
branch  1 taken 0% (throw)
call    2 returned 100%
call    3 returned 100%
branch  4 taken 0% (fallthrough)
branch  5 taken 100%
branch  6 never executed
branch  7 never executed
call    8 never executed
branch  9 never executed
branch 10 never executed
call   11 never executed
branch 12 never executed
branch 13 never executed
call   14 never executed
branch 15 never executed
branch 16 never executed
call   17 never executed
branch 18 never executed
branch 19 never executed
call   20 never executed
branch 21 never executed
branch 22 never executed
call   23 never executed
branch 24 taken 100% (fallthrough)
branch 25 taken 0% (throw)
call   26 returned 100%
branch 27 taken 100%
branch 28 taken 0%
call   29 never executed
call   30 never executed
call   31 never executed
        3:  217:    ASSERT_TRUE(std::equal(const_cast<const int*>(x), p, c));}
branch  0 taken 100% (fallthrough)
branch  1 taken 0% (throw)
call    2 returned 100%
branch  3 taken 100% (fallthrough)
branch  4 taken 0% (throw)
call    5 returned 100%
call    6 returned 100%
branch  7 taken 0% (fallthrough)
branch  8 taken 100%
branch  9 never executed
branch 10 never executed
call   11 never executed
branch 12 never executed
branch 13 never executed
call   14 never executed
call   15 never executed
branch 16 never executed
branch 17 never executed
call   18 never executed
branch 19 never executed
branch 20 never executed
call   21 never executed
branch 22 never executed
branch 23 never executed
call   24 never executed
call   25 never executed
branch 26 never executed
branch 27 never executed
call   28 never executed
branch 29 taken 100% (fallthrough)
branch 30 taken 0% (throw)
call   31 returned 100%
branch 32 taken 100%
branch 33 taken 0%
call   34 never executed
call   35 never executed
call   36 never executed
call   37 never executed
call   38 never executed
        -:  218:
function _ZN29Integer_divides_digits_2_TestD0Ev called 3 returned 100% blocks executed 100%
function _ZN29Integer_divides_digits_2_TestD2Ev called 3 returned 100% blocks executed 75%
function _ZN29Integer_divides_digits_2_Test8TestBodyEv called 3 returned 100% blocks executed 30%
function _ZN29Integer_divides_digits_2_TestC2Ev called 3 returned 100% blocks executed 100%
       15:  219:TEST(Integer, divides_digits_2) {
call    0 returned 100%
call    1 returned 100%
call    2 returned 100%
call    3 returned 100%
call    4 returned 100%
call    5 returned 100%
call    6 returned 100%
branch  7 taken 0% (fallthrough)
branch  8 taken 100%
call    9 never executed
call   10 returned 100%
        3:  220:    const int a[] = {0, 8, 4};
        3:  221:    const int b[] = {1};
        3:  222:    const int c[] = {0, 8, 4};
        -:  223:          int x[10];
        3:  224:    const int* p = divides_digits(a, a + 3, b, b + 1, x);
branch  0 taken 100% (fallthrough)
branch  1 taken 0% (throw)
call    2 returned 100%
        3:  225:    ASSERT_EQ(3, p - x);
branch  0 taken 100% (fallthrough)
branch  1 taken 0% (throw)
call    2 returned 100%
call    3 returned 100%
branch  4 taken 0% (fallthrough)
branch  5 taken 100%
branch  6 never executed
branch  7 never executed
call    8 never executed
branch  9 never executed
branch 10 never executed
call   11 never executed
branch 12 never executed
branch 13 never executed
call   14 never executed
branch 15 never executed
branch 16 never executed
call   17 never executed
branch 18 never executed
branch 19 never executed
call   20 never executed
branch 21 never executed
branch 22 never executed
call   23 never executed
branch 24 taken 100% (fallthrough)
branch 25 taken 0% (throw)
call   26 returned 100%
branch 27 taken 100%
branch 28 taken 0%
call   29 never executed
call   30 never executed
call   31 never executed
        3:  226:    ASSERT_TRUE(std::equal(const_cast<const int*>(x), p, c));}
branch  0 taken 100% (fallthrough)
branch  1 taken 0% (throw)
call    2 returned 100%
branch  3 taken 100% (fallthrough)
branch  4 taken 0% (throw)
call    5 returned 100%
call    6 returned 100%
branch  7 taken 0% (fallthrough)
branch  8 taken 100%
branch  9 never executed
branch 10 never executed
call   11 never executed
branch 12 never executed
branch 13 never executed
call   14 never executed
call   15 never executed
branch 16 never executed
branch 17 never executed
call   18 never executed
branch 19 never executed
branch 20 never executed
call   21 never executed
branch 22 never executed
branch 23 never executed
call   24 never executed
call   25 never executed
branch 26 never executed
branch 27 never executed
call   28 never executed
branch 29 taken 100% (fallthrough)
branch 30 taken 0% (throw)
call   31 returned 100%
branch 32 taken 100%
branch 33 taken 0%
call   34 never executed
call   35 never executed
call   36 never executed
call   37 never executed
call   38 never executed
        -:  227:
function _ZN29Integer_divides_digits_3_TestD0Ev called 3 returned 100% blocks executed 100%
function _ZN29Integer_divides_digits_3_TestD2Ev called 3 returned 100% blocks executed 75%
function _ZN29Integer_divides_digits_3_Test8TestBodyEv called 3 returned 100% blocks executed 30%
function _ZN29Integer_divides_digits_3_TestC2Ev called 3 returned 100% blocks executed 100%
       15:  228:TEST(Integer, divides_digits_3) {
call    0 returned 100%
call    1 returned 100%
call    2 returned 100%
call    3 returned 100%
call    4 returned 100%
call    5 returned 100%
call    6 returned 100%
branch  7 taken 0% (fallthrough)
branch  8 taken 100%
call    9 never executed
call   10 returned 100%
        3:  229:    const int a[] = {1, 2};
        3:  230:    const int b[] = {2};
        3:  231:    const int c[] = {0, 1};
        -:  232:          int x[10];
        3:  233:    const int* p = divides_digits(a, a + 2, b, b + 1, x);
branch  0 taken 100% (fallthrough)
branch  1 taken 0% (throw)
call    2 returned 100%
        3:  234:    ASSERT_EQ(2, p - x);
branch  0 taken 100% (fallthrough)
branch  1 taken 0% (throw)
call    2 returned 100%
call    3 returned 100%
branch  4 taken 0% (fallthrough)
branch  5 taken 100%
branch  6 never executed
branch  7 never executed
call    8 never executed
branch  9 never executed
branch 10 never executed
call   11 never executed
branch 12 never executed
branch 13 never executed
call   14 never executed
branch 15 never executed
branch 16 never executed
call   17 never executed
branch 18 never executed
branch 19 never executed
call   20 never executed
branch 21 never executed
branch 22 never executed
call   23 never executed
branch 24 taken 100% (fallthrough)
branch 25 taken 0% (throw)
call   26 returned 100%
branch 27 taken 100%
branch 28 taken 0%
call   29 never executed
call   30 never executed
call   31 never executed
        3:  235:    ASSERT_TRUE(std::equal(const_cast<const int*>(x), p, c));}
branch  0 taken 100% (fallthrough)
branch  1 taken 0% (throw)
call    2 returned 100%
branch  3 taken 100% (fallthrough)
branch  4 taken 0% (throw)
call    5 returned 100%
call    6 returned 100%
branch  7 taken 0% (fallthrough)
branch  8 taken 100%
branch  9 never executed
branch 10 never executed
call   11 never executed
branch 12 never executed
branch 13 never executed
call   14 never executed
call   15 never executed
branch 16 never executed
branch 17 never executed
call   18 never executed
branch 19 never executed
branch 20 never executed
call   21 never executed
branch 22 never executed
branch 23 never executed
call   24 never executed
call   25 never executed
branch 26 never executed
branch 27 never executed
call   28 never executed
branch 29 taken 100% (fallthrough)
branch 30 taken 0% (throw)
call   31 returned 100%
branch 32 taken 100%
branch 33 taken 0%
call   34 never executed
call   35 never executed
call   36 never executed
call   37 never executed
call   38 never executed
        -:  236:
        -:  237:// -----------
        -:  238:// constructor
        -:  239:// -----------
        -:  240:
function _ZN26Integer_constructor_1_TestD0Ev called 3 returned 100% blocks executed 100%
function _ZN26Integer_constructor_1_TestD2Ev called 3 returned 100% blocks executed 75%
function _ZN26Integer_constructor_1_Test8TestBodyEv called 3 returned 100% blocks executed 28%
function _ZN26Integer_constructor_1_TestC2Ev called 3 returned 100% blocks executed 100%
       15:  241:TEST(Integer, constructor_1) {
call    0 returned 100%
call    1 returned 100%
call    2 returned 100%
call    3 returned 100%
call    4 returned 100%
call    5 returned 100%
call    6 returned 100%
branch  7 taken 0% (fallthrough)
branch  8 taken 100%
call    9 never executed
call   10 returned 100%
        -:  242:    try {
        6:  243:        const Integer<int> x("abc");
call    0 returned 100%
branch  1 taken 100% (fallthrough)
branch  2 taken 0% (throw)
call    3 returned 100%
branch  4 taken 0% (fallthrough)
branch  5 taken 100% (throw)
call    6 returned 100%
call    7 never executed
call    8 never executed
call    9 returned 100%
call   10 returned 100%
    #####:  244:        ASSERT_TRUE(false);}
branch  0 never executed
branch  1 never executed
call    2 never executed
call    3 never executed
branch  4 never executed
branch  5 never executed
branch  6 never executed
branch  7 never executed
call    8 never executed
branch  9 never executed
branch 10 never executed
call   11 never executed
call   12 never executed
branch 13 never executed
branch 14 never executed
call   15 never executed
branch 16 never executed
branch 17 never executed
call   18 never executed
branch 19 never executed
branch 20 never executed
call   21 never executed
call   22 never executed
branch 23 never executed
branch 24 never executed
call   25 never executed
branch 26 never executed
branch 27 never executed
call   28 never executed
branch 29 never executed
branch 30 never executed
call   31 never executed
branch 32 never executed
branch 33 never executed
call   34 never executed
call   35 never executed
call   36 never executed
call   37 never executed
call   38 never executed
        3:  245:    catch (std::invalid_argument& e) {
call    0 never executed
call    1 never executed
branch  2 taken 0% (fallthrough)
branch  3 taken 100%
call    4 never executed
call    5 returned 100%
call    6 returned 100%
        3:  246:        ASSERT_STREQ("Integer::Integer()", e.what());}}
call    0 never executed
call    1 never executed
call    2 never executed
call    3 returned 100%
branch  4 taken 0% (throw)
branch  5 taken 100% (fallthrough)
call    6 returned 100%
call    7 returned 100%
branch  8 taken 0% (fallthrough)
branch  9 taken 100%
branch 10 never executed
branch 11 never executed
call   12 never executed
branch 13 never executed
branch 14 never executed
call   15 never executed
branch 16 never executed
branch 17 never executed
call   18 never executed
branch 19 never executed
branch 20 never executed
call   21 never executed
branch 22 never executed
branch 23 never executed
call   24 never executed
branch 25 never executed
branch 26 never executed
call   27 never executed
branch 28 taken 0% (throw)
branch 29 taken 100% (fallthrough)
call   30 returned 100%
branch 31 taken 100%
branch 32 taken 0%
        -:  247:
function _ZN26Integer_constructor_2_TestD0Ev called 3 returned 100% blocks executed 100%
function _ZN26Integer_constructor_2_TestD2Ev called 3 returned 100% blocks executed 75%
function _ZN26Integer_constructor_2_Test8TestBodyEv called 3 returned 100% blocks executed 18%
function _ZN26Integer_constructor_2_TestC2Ev called 3 returned 100% blocks executed 100%
       15:  248:TEST(Integer, constructor_2) {
call    0 returned 100%
call    1 returned 100%
call    2 returned 100%
call    3 returned 100%
call    4 returned 100%
call    5 returned 100%
call    6 returned 100%
branch  7 taken 0% (fallthrough)
branch  8 taken 100%
call    9 never executed
call   10 returned 100%
        -:  249:    try {
        3:  250:        const Integer<int> x("-2");}
call    0 returned 100%
branch  1 taken 100% (fallthrough)
branch  2 taken 0% (throw)
call    3 returned 100%
branch  4 taken 100% (fallthrough)
branch  5 taken 0% (throw)
call    6 returned 100%
call    7 returned 100%
call    8 returned 100%
call    9 returned 100%
call   10 never executed
call   11 never executed
    =====:  251:    catch (std::invalid_argument& e) {
call    0 never executed
call    1 never executed
branch  2 never executed
branch  3 never executed
call    4 never executed
call    5 never executed
call    6 never executed
        3:  252:        ASSERT_TRUE(false);}}
call    0 never executed
call    1 never executed
call    2 never executed
call    3 never executed
branch  4 never executed
branch  5 never executed
call    6 never executed
call    7 never executed
branch  8 never executed
branch  9 never executed
branch 10 never executed
branch 11 never executed
call   12 never executed
branch 13 never executed
branch 14 never executed
call   15 never executed
call   16 never executed
branch 17 never executed
branch 18 never executed
call   19 never executed
branch 20 never executed
branch 21 never executed
call   22 never executed
branch 23 never executed
branch 24 never executed
call   25 never executed
call   26 never executed
branch 27 never executed
branch 28 never executed
call   29 never executed
branch 30 never executed
branch 31 never executed
call   32 never executed
branch 33 never executed
branch 34 never executed
        -:  253:
function _ZN26Integer_constructor_3_TestD0Ev called 3 returned 100% blocks executed 100%
function _ZN26Integer_constructor_3_TestD2Ev called 3 returned 100% blocks executed 75%
function _ZN26Integer_constructor_3_Test8TestBodyEv called 3 returned 100% blocks executed 11%
function _ZN26Integer_constructor_3_TestC2Ev called 3 returned 100% blocks executed 100%
       15:  254:TEST(Integer, constructor_3) {
call    0 returned 100%
call    1 returned 100%
call    2 returned 100%
call    3 returned 100%
call    4 returned 100%
call    5 returned 100%
call    6 returned 100%
branch  7 taken 0% (fallthrough)
branch  8 taken 100%
call    9 never executed
call   10 returned 100%
        -:  255:    try {
        3:  256:        const Integer<int> x(2);}
branch  0 taken 100% (fallthrough)
branch  1 taken 0% (throw)
call    2 returned 100%
call    3 returned 100%
    =====:  257:    catch (std::invalid_argument& e) {
call    0 never executed
call    1 never executed
branch  2 never executed
branch  3 never executed
call    4 never executed
call    5 never executed
call    6 never executed
        3:  258:        ASSERT_TRUE(false);}}
call    0 never executed
call    1 never executed
call    2 never executed
call    3 never executed
branch  4 never executed
branch  5 never executed
call    6 never executed
call    7 never executed
branch  8 never executed
branch  9 never executed
branch 10 never executed
branch 11 never executed
call   12 never executed
branch 13 never executed
branch 14 never executed
call   15 never executed
call   16 never executed
branch 17 never executed
branch 18 never executed
call   19 never executed
branch 20 never executed
branch 21 never executed
call   22 never executed
branch 23 never executed
branch 24 never executed
call   25 never executed
call   26 never executed
branch 27 never executed
branch 28 never executed
call   29 never executed
branch 30 never executed
branch 31 never executed
call   32 never executed
branch 33 never executed
branch 34 never executed
        -:  259:
        -:  260:// ---
        -:  261:// abs
        -:  262:// ---
        -:  263:
function _ZN18Integer_abs_1_TestD0Ev called 3 returned 100% blocks executed 100%
function _ZN18Integer_abs_1_TestD2Ev called 3 returned 100% blocks executed 75%
function _ZN18Integer_abs_1_Test8TestBodyEv called 3 returned 100% blocks executed 22%
function _ZN18Integer_abs_1_TestC2Ev called 3 returned 100% blocks executed 100%
       15:  264:TEST(Integer, abs_1) {
call    0 returned 100%
call    1 returned 100%
call    2 returned 100%
call    3 returned 100%
call    4 returned 100%
call    5 returned 100%
call    6 returned 100%
branch  7 taken 0% (fallthrough)
branch  8 taken 100%
call    9 never executed
call   10 returned 100%
        -:  265:    try {
        3:  266:        Integer<int>  x = -98765;
branch  0 taken 100% (fallthrough)
branch  1 taken 0% (throw)
call    2 returned 100%
        3:  267:        Integer<int>& y = x.abs();
call    0 returned 100%
        3:  268:        ASSERT_EQ(98765, x);
branch  0 taken 100% (fallthrough)
branch  1 taken 0% (throw)
call    2 returned 100%
call    3 returned 100%
branch  4 taken 0% (fallthrough)
branch  5 taken 100%
branch  6 never executed
branch  7 never executed
call    8 never executed
branch  9 never executed
branch 10 never executed
call   11 never executed
branch 12 never executed
branch 13 never executed
call   14 never executed
branch 15 never executed
branch 16 never executed
call   17 never executed
branch 18 never executed
branch 19 never executed
call   20 never executed
branch 21 never executed
branch 22 never executed
call   23 never executed
branch 24 taken 100% (fallthrough)
branch 25 taken 0% (throw)
call   26 returned 100%
branch 27 taken 100%
branch 28 taken 0%
call   29 never executed
call   30 never executed
call   31 never executed
        3:  269:        ASSERT_EQ(&x,    &y);}
branch  0 taken 100% (fallthrough)
branch  1 taken 0% (throw)
call    2 returned 100%
call    3 returned 100%
branch  4 taken 0% (fallthrough)
branch  5 taken 100%
branch  6 never executed
branch  7 never executed
call    8 never executed
branch  9 never executed
branch 10 never executed
call   11 never executed
branch 12 never executed
branch 13 never executed
call   14 never executed
branch 15 never executed
branch 16 never executed
call   17 never executed
branch 18 never executed
branch 19 never executed
call   20 never executed
branch 21 never executed
branch 22 never executed
call   23 never executed
branch 24 taken 100% (fallthrough)
branch 25 taken 0% (throw)
call   26 returned 100%
branch 27 taken 100%
branch 28 taken 0%
call   29 returned 100%
branch 30 taken 100%
branch 31 taken 0%
call   32 never executed
call   33 never executed
call   34 never executed
call   35 never executed
    =====:  270:    catch (std::invalid_argument& e) {
call    0 never executed
call    1 never executed
branch  2 never executed
branch  3 never executed
call    4 never executed
call    5 never executed
call    6 never executed
    =====:  271:        ASSERT_TRUE(false);}}
call    0 never executed
call    1 never executed
call    2 never executed
call    3 never executed
branch  4 never executed
branch  5 never executed
call    6 never executed
call    7 never executed
branch  8 never executed
branch  9 never executed
branch 10 never executed
branch 11 never executed
call   12 never executed
branch 13 never executed
branch 14 never executed
call   15 never executed
call   16 never executed
branch 17 never executed
branch 18 never executed
call   19 never executed
branch 20 never executed
branch 21 never executed
call   22 never executed
branch 23 never executed
branch 24 never executed
call   25 never executed
call   26 never executed
branch 27 never executed
branch 28 never executed
call   29 never executed
branch 30 never executed
branch 31 never executed
call   32 never executed
branch 33 never executed
branch 34 never executed
        -:  272:
function _ZN18Integer_abs_2_TestD0Ev called 3 returned 100% blocks executed 100%
function _ZN18Integer_abs_2_TestD2Ev called 3 returned 100% blocks executed 75%
function _ZN18Integer_abs_2_Test8TestBodyEv called 3 returned 100% blocks executed 25%
function _ZN18Integer_abs_2_TestC2Ev called 3 returned 100% blocks executed 100%
       15:  273:TEST(Integer, abs_2) {
call    0 returned 100%
call    1 returned 100%
call    2 returned 100%
call    3 returned 100%
call    4 returned 100%
call    5 returned 100%
call    6 returned 100%
branch  7 taken 0% (fallthrough)
branch  8 taken 100%
call    9 never executed
call   10 returned 100%
        -:  274:    try {
        3:  275:        const Integer<int> x = -98765;
branch  0 taken 100% (fallthrough)
branch  1 taken 0% (throw)
call    2 returned 100%
        3:  276:        const Integer<int> y = abs(x);
branch  0 taken 100% (fallthrough)
branch  1 taken 0% (throw)
call    2 returned 100%
branch  3 taken 100% (fallthrough)
branch  4 taken 0% (throw)
call    5 returned 100%
call    6 returned 100%
call    7 never executed
        3:  277:        ASSERT_EQ(-98765, x);
branch  0 taken 100% (fallthrough)
branch  1 taken 0% (throw)
call    2 returned 100%
call    3 returned 100%
branch  4 taken 0% (fallthrough)
branch  5 taken 100%
branch  6 never executed
branch  7 never executed
call    8 never executed
branch  9 never executed
branch 10 never executed
call   11 never executed
branch 12 never executed
branch 13 never executed
call   14 never executed
branch 15 never executed
branch 16 never executed
call   17 never executed
branch 18 never executed
branch 19 never executed
call   20 never executed
branch 21 never executed
branch 22 never executed
call   23 never executed
branch 24 taken 100% (fallthrough)
branch 25 taken 0% (throw)
call   26 returned 100%
branch 27 taken 100%
branch 28 taken 0%
call   29 never executed
call   30 never executed
call   31 never executed
        3:  278:        ASSERT_EQ( 98765, y);}
branch  0 taken 100% (fallthrough)
branch  1 taken 0% (throw)
call    2 returned 100%
call    3 returned 100%
branch  4 taken 0% (fallthrough)
branch  5 taken 100%
branch  6 never executed
branch  7 never executed
call    8 never executed
branch  9 never executed
branch 10 never executed
call   11 never executed
branch 12 never executed
branch 13 never executed
call   14 never executed
branch 15 never executed
branch 16 never executed
call   17 never executed
branch 18 never executed
branch 19 never executed
call   20 never executed
branch 21 never executed
branch 22 never executed
call   23 never executed
branch 24 taken 100% (fallthrough)
branch 25 taken 0% (throw)
call   26 returned 100%
branch 27 taken 100%
branch 28 taken 0%
call   29 returned 100%
branch 30 taken 0%
branch 31 taken 100%
call   32 returned 100%
branch 33 taken 100%
branch 34 taken 0%
call   35 never executed
call   36 never executed
call   37 never executed
call   38 never executed
call   39 never executed
    =====:  279:    catch (std::invalid_argument& e) {
call    0 never executed
call    1 never executed
branch  2 never executed
branch  3 never executed
call    4 never executed
call    5 never executed
call    6 never executed
    =====:  280:        ASSERT_TRUE(false);}}
call    0 never executed
call    1 never executed
call    2 never executed
call    3 never executed
branch  4 never executed
branch  5 never executed
call    6 never executed
call    7 never executed
branch  8 never executed
branch  9 never executed
branch 10 never executed
branch 11 never executed
call   12 never executed
branch 13 never executed
branch 14 never executed
call   15 never executed
call   16 never executed
branch 17 never executed
branch 18 never executed
call   19 never executed
branch 20 never executed
branch 21 never executed
call   22 never executed
branch 23 never executed
branch 24 never executed
call   25 never executed
call   26 never executed
branch 27 never executed
branch 28 never executed
call   29 never executed
branch 30 never executed
branch 31 never executed
call   32 never executed
branch 33 never executed
branch 34 never executed
        -:  281:
function _ZN18Integer_abs_3_TestD0Ev called 3 returned 100% blocks executed 100%
function _ZN18Integer_abs_3_TestD2Ev called 3 returned 100% blocks executed 75%
function _ZN18Integer_abs_3_Test8TestBodyEv called 3 returned 100% blocks executed 25%
function _ZN18Integer_abs_3_TestC2Ev called 3 returned 100% blocks executed 100%
       15:  282:TEST(Integer, abs_3) {
call    0 returned 100%
call    1 returned 100%
call    2 returned 100%
call    3 returned 100%
call    4 returned 100%
call    5 returned 100%
call    6 returned 100%
branch  7 taken 0% (fallthrough)
branch  8 taken 100%
call    9 never executed
call   10 returned 100%
        -:  283:    try {
        3:  284:        const Integer<int> x = 98765;
branch  0 taken 100% (fallthrough)
branch  1 taken 0% (throw)
call    2 returned 100%
        3:  285:        const Integer<int> y = abs(x);
branch  0 taken 100% (fallthrough)
branch  1 taken 0% (throw)
call    2 returned 100%
branch  3 taken 100% (fallthrough)
branch  4 taken 0% (throw)
call    5 returned 100%
call    6 returned 100%
call    7 never executed
        3:  286:        ASSERT_EQ( 98765, x);
branch  0 taken 100% (fallthrough)
branch  1 taken 0% (throw)
call    2 returned 100%
call    3 returned 100%
branch  4 taken 0% (fallthrough)
branch  5 taken 100%
branch  6 never executed
branch  7 never executed
call    8 never executed
branch  9 never executed
branch 10 never executed
call   11 never executed
branch 12 never executed
branch 13 never executed
call   14 never executed
branch 15 never executed
branch 16 never executed
call   17 never executed
branch 18 never executed
branch 19 never executed
call   20 never executed
branch 21 never executed
branch 22 never executed
call   23 never executed
branch 24 taken 100% (fallthrough)
branch 25 taken 0% (throw)
call   26 returned 100%
branch 27 taken 100%
branch 28 taken 0%
call   29 never executed
call   30 never executed
call   31 never executed
        3:  287:        ASSERT_EQ( 98765, y);}
branch  0 taken 100% (fallthrough)
branch  1 taken 0% (throw)
call    2 returned 100%
call    3 returned 100%
branch  4 taken 0% (fallthrough)
branch  5 taken 100%
branch  6 never executed
branch  7 never executed
call    8 never executed
branch  9 never executed
branch 10 never executed
call   11 never executed
branch 12 never executed
branch 13 never executed
call   14 never executed
branch 15 never executed
branch 16 never executed
call   17 never executed
branch 18 never executed
branch 19 never executed
call   20 never executed
branch 21 never executed
branch 22 never executed
call   23 never executed
branch 24 taken 100% (fallthrough)
branch 25 taken 0% (throw)
call   26 returned 100%
branch 27 taken 100%
branch 28 taken 0%
call   29 returned 100%
branch 30 taken 0%
branch 31 taken 100%
call   32 returned 100%
branch 33 taken 100%
branch 34 taken 0%
call   35 never executed
call   36 never executed
call   37 never executed
call   38 never executed
call   39 never executed
    =====:  288:    catch (std::invalid_argument& e) {
call    0 never executed
call    1 never executed
branch  2 never executed
branch  3 never executed
call    4 never executed
call    5 never executed
call    6 never executed
    =====:  289:        ASSERT_TRUE(false);}}
call    0 never executed
call    1 never executed
call    2 never executed
call    3 never executed
branch  4 never executed
branch  5 never executed
call    6 never executed
call    7 never executed
branch  8 never executed
branch  9 never executed
branch 10 never executed
branch 11 never executed
call   12 never executed
branch 13 never executed
branch 14 never executed
call   15 never executed
call   16 never executed
branch 17 never executed
branch 18 never executed
call   19 never executed
branch 20 never executed
branch 21 never executed
call   22 never executed
branch 23 never executed
branch 24 never executed
call   25 never executed
call   26 never executed
branch 27 never executed
branch 28 never executed
call   29 never executed
branch 30 never executed
branch 31 never executed
call   32 never executed
branch 33 never executed
branch 34 never executed
        -:  290:
        -:  291:// --------
        -:  292:// equal_to
        -:  293:// --------
        -:  294:
function _ZN23Integer_equal_to_1_TestD0Ev called 3 returned 100% blocks executed 100%
function _ZN23Integer_equal_to_1_TestD2Ev called 3 returned 100% blocks executed 75%
function _ZN23Integer_equal_to_1_Test8TestBodyEv called 3 returned 100% blocks executed 25%
function _ZN23Integer_equal_to_1_TestC2Ev called 3 returned 100% blocks executed 100%
       15:  295:TEST(Integer, equal_to_1) {
call    0 returned 100%
call    1 returned 100%
call    2 returned 100%
call    3 returned 100%
call    4 returned 100%
call    5 returned 100%
call    6 returned 100%
branch  7 taken 0% (fallthrough)
branch  8 taken 100%
call    9 never executed
call   10 returned 100%
        -:  296:    try {
        3:  297:        const Integer<int> x = 98765;
branch  0 taken 100% (fallthrough)
branch  1 taken 0% (throw)
call    2 returned 100%
        3:  298:        const Integer<int> y = 98765;
branch  0 taken 100% (fallthrough)
branch  1 taken 0% (throw)
call    2 returned 100%
        3:  299:        ASSERT_EQ(      x, y);
branch  0 taken 100% (fallthrough)
branch  1 taken 0% (throw)
call    2 returned 100%
call    3 returned 100%
branch  4 taken 0% (fallthrough)
branch  5 taken 100%
branch  6 never executed
branch  7 never executed
call    8 never executed
branch  9 never executed
branch 10 never executed
call   11 never executed
branch 12 never executed
branch 13 never executed
call   14 never executed
branch 15 never executed
branch 16 never executed
call   17 never executed
branch 18 never executed
branch 19 never executed
call   20 never executed
branch 21 never executed
branch 22 never executed
call   23 never executed
branch 24 taken 100% (fallthrough)
branch 25 taken 0% (throw)
call   26 returned 100%
branch 27 taken 100%
branch 28 taken 0%
call   29 never executed
call   30 never executed
call   31 never executed
        3:  300:        ASSERT_EQ(      x, 98765);
branch  0 taken 100% (fallthrough)
branch  1 taken 0% (throw)
call    2 returned 100%
call    3 returned 100%
branch  4 taken 0% (fallthrough)
branch  5 taken 100%
branch  6 never executed
branch  7 never executed
call    8 never executed
branch  9 never executed
branch 10 never executed
call   11 never executed
branch 12 never executed
branch 13 never executed
call   14 never executed
branch 15 never executed
branch 16 never executed
call   17 never executed
branch 18 never executed
branch 19 never executed
call   20 never executed
branch 21 never executed
branch 22 never executed
call   23 never executed
branch 24 taken 100% (fallthrough)
branch 25 taken 0% (throw)
call   26 returned 100%
branch 27 taken 100%
branch 28 taken 0%
call   29 never executed
call   30 never executed
call   31 never executed
        3:  301:        ASSERT_EQ(  98765, x);}
branch  0 taken 100% (fallthrough)
branch  1 taken 0% (throw)
call    2 returned 100%
call    3 returned 100%
branch  4 taken 0% (fallthrough)
branch  5 taken 100%
branch  6 never executed
branch  7 never executed
call    8 never executed
branch  9 never executed
branch 10 never executed
call   11 never executed
branch 12 never executed
branch 13 never executed
call   14 never executed
branch 15 never executed
branch 16 never executed
call   17 never executed
branch 18 never executed
branch 19 never executed
call   20 never executed
branch 21 never executed
branch 22 never executed
call   23 never executed
branch 24 taken 100% (fallthrough)
branch 25 taken 0% (throw)
call   26 returned 100%
branch 27 taken 100%
branch 28 taken 0%
call   29 returned 100%
branch 30 taken 0%
branch 31 taken 100%
call   32 returned 100%
branch 33 taken 100%
branch 34 taken 0%
call   35 never executed
call   36 never executed
call   37 never executed
call   38 never executed
call   39 never executed
    =====:  302:    catch (std::invalid_argument& e) {
call    0 never executed
call    1 never executed
branch  2 never executed
branch  3 never executed
call    4 never executed
call    5 never executed
call    6 never executed
    =====:  303:        ASSERT_TRUE(false);}}
call    0 never executed
call    1 never executed
call    2 never executed
call    3 never executed
branch  4 never executed
branch  5 never executed
call    6 never executed
call    7 never executed
branch  8 never executed
branch  9 never executed
branch 10 never executed
[...]
branch 13 never executed
branch 14 never executed
call   15 never executed
call   16 never executed
branch 17 never executed
branch 18 never executed
call   19 never executed
branch 20 never executed
branch 21 never executed
call   22 never executed
branch 23 never executed
branch 24 never executed
call   25 never executed
call   26 never executed
branch 27 never executed
branch 28 never executed
call   29 never executed
branch 30 never executed
branch 31 never executed
call   32 never executed
branch 33 never executed
branch 34 never executed
        -:  617:
function _ZN32Integer_shift_left_equals_3_TestD0Ev called 3 returned 100% blocks executed 100%
function _ZN32Integer_shift_left_equals_3_TestD2Ev called 3 returned 100% blocks executed 75%
function _ZN32Integer_shift_left_equals_3_Test8TestBodyEv called 3 returned 100% blocks executed 25%
function _ZN32Integer_shift_left_equals_3_TestC2Ev called 3 returned 100% blocks executed 100%
       15:  618:TEST(Integer, shift_left_equals_3) {
call    0 returned 100%
call    1 returned 100%
call    2 returned 100%
call    3 returned 100%
call    4 returned 100%
call    5 returned 100%
call    6 returned 100%
branch  7 taken 0% (fallthrough)
branch  8 taken 100%
call    9 never executed
call   10 returned 100%
        -:  619:    try {
        3:  620:        Integer<int> x = 12345;
branch  0 taken 100% (fallthrough)
branch  1 taken 0% (throw)
call    2 returned 100%
        3:  621:        x <<= 7;
branch  0 taken 100% (fallthrough)
branch  1 taken 0% (throw)
call    2 returned 100%
        3:  622:        ASSERT_EQ(Integer<int>("123450000000"), x);}
call    0 returned 100%
branch  1 taken 100% (fallthrough)
branch  2 taken 0% (throw)
call    3 returned 100%
branch  4 taken 100% (fallthrough)
branch  5 taken 0% (throw)
call    6 returned 100%
branch  7 taken 100% (fallthrough)
branch  8 taken 0% (throw)
call    9 returned 100%
call   10 returned 100%
call   11 returned 100%
call   12 returned 100%
call   13 returned 100%
branch 14 taken 0% (fallthrough)
branch 15 taken 100%
branch 16 never executed
branch 17 never executed
call   18 never executed
branch 19 never executed
branch 20 never executed
call   21 never executed
branch 22 never executed
branch 23 never executed
call   24 never executed
branch 25 never executed
branch 26 never executed
call   27 never executed
branch 28 never executed
branch 29 never executed
call   30 never executed
branch 31 never executed
branch 32 never executed
call   33 never executed
branch 34 taken 100% (fallthrough)
branch 35 taken 0% (throw)
call   36 returned 100%
branch 37 taken 100%
branch 38 taken 0%
call   39 returned 100%
branch 40 taken 100%
branch 41 taken 0%
call   42 never executed
call   43 never executed
call   44 never executed
call   45 never executed
call   46 never executed
call   47 never executed
call   48 never executed
    =====:  623:    catch (std::invalid_argument& e) {
call    0 never executed
call    1 never executed
branch  2 never executed
branch  3 never executed
call    4 never executed
call    5 never executed
call    6 never executed
    =====:  624:        ASSERT_TRUE(false);}}
call    0 never executed
call    1 never executed
call    2 never executed
call    3 never executed
branch  4 never executed
branch  5 never executed
call    6 never executed
call    7 never executed
branch  8 never executed
branch  9 never executed
branch 10 never executed
branch 11 never executed
call   12 never executed
branch 13 never executed
branch 14 never executed
call   15 never executed
call   16 never executed
branch 17 never executed
branch 18 never executed
call   19 never executed
branch 20 never executed
branch 21 never executed
call   22 never executed
branch 23 never executed
branch 24 never executed
call   25 never executed
call   26 never executed
branch 27 never executed
branch 28 never executed
call   29 never executed
branch 30 never executed
branch 31 never executed
call   32 never executed
branch 33 never executed
branch 34 never executed
        -:  625:
        -:  626:
        -:  627:// ------------
        -:  628:// operator >>=
        -:  629:// ------------
        -:  630:
function _ZN33Integer_shift_right_equals_1_TestD0Ev called 3 returned 100% blocks executed 100%
function _ZN33Integer_shift_right_equals_1_TestD2Ev called 3 returned 100% blocks executed 75%
function _ZN33Integer_shift_right_equals_1_Test8TestBodyEv called 3 returned 100% blocks executed 20%
function _ZN33Integer_shift_right_equals_1_TestC2Ev called 3 returned 100% blocks executed 100%
       15:  631:TEST(Integer, shift_right_equals_1) {
call    0 returned 100%
call    1 returned 100%
call    2 returned 100%
call    3 returned 100%
call    4 returned 100%
call    5 returned 100%
call    6 returned 100%
branch  7 taken 0% (fallthrough)
branch  8 taken 100%
call    9 never executed
call   10 returned 100%
        -:  632:    try {
        3:  633:        Integer<int> x = 12345;
branch  0 taken 100% (fallthrough)
branch  1 taken 0% (throw)
call    2 returned 100%
        3:  634:        x >>= 2;
branch  0 taken 100% (fallthrough)
branch  1 taken 0% (throw)
call    2 returned 100%
        3:  635:        ASSERT_EQ(123, x);}
branch  0 taken 100% (fallthrough)
branch  1 taken 0% (throw)
call    2 returned 100%
call    3 returned 100%
branch  4 taken 0% (fallthrough)
branch  5 taken 100%
branch  6 never executed
branch  7 never executed
call    8 never executed
branch  9 never executed
branch 10 never executed
call   11 never executed
branch 12 never executed
branch 13 never executed
call   14 never executed
branch 15 never executed
branch 16 never executed
call   17 never executed
branch 18 never executed
branch 19 never executed
call   20 never executed
branch 21 never executed
branch 22 never executed
call   23 never executed
branch 24 taken 100% (fallthrough)
branch 25 taken 0% (throw)
call   26 returned 100%
branch 27 taken 100%
branch 28 taken 0%
call   29 returned 100%
branch 30 taken 100%
branch 31 taken 0%
call   32 never executed
call   33 never executed
call   34 never executed
call   35 never executed
    =====:  636:    catch (std::invalid_argument& e) {
call    0 never executed
call    1 never executed
branch  2 never executed
branch  3 never executed
call    4 never executed
call    5 never executed
call    6 never executed
    =====:  637:        ASSERT_TRUE(false);}}
call    0 never executed
call    1 never executed
call    2 never executed
call    3 never executed
branch  4 never executed
branch  5 never executed
call    6 never executed
call    7 never executed
branch  8 never executed
branch  9 never executed
branch 10 never executed
branch 11 never executed
call   12 never executed
branch 13 never executed
branch 14 never executed
call   15 never executed
call   16 never executed
branch 17 never executed
branch 18 never executed
call   19 never executed
branch 20 never executed
branch 21 never executed
call   22 never executed
branch 23 never executed
branch 24 never executed
call   25 never executed
call   26 never executed
branch 27 never executed
branch 28 never executed
call   29 never executed
branch 30 never executed
branch 31 never executed
call   32 never executed
branch 33 never executed
branch 34 never executed
        -:  638:
function _ZN33Integer_shift_right_equals_2_TestD0Ev called 3 returned 100% blocks executed 100%
function _ZN33Integer_shift_right_equals_2_TestD2Ev called 3 returned 100% blocks executed 75%
function _ZN33Integer_shift_right_equals_2_Test8TestBodyEv called 3 returned 100% blocks executed 23%
function _ZN33Integer_shift_right_equals_2_TestC2Ev called 3 returned 100% blocks executed 100%
       15:  639:TEST(Integer, shift_right_equals_2) {
call    0 returned 100%
call    1 returned 100%
call    2 returned 100%
call    3 returned 100%
call    4 returned 100%
call    5 returned 100%
call    6 returned 100%
branch  7 taken 0% (fallthrough)
branch  8 taken 100%
call    9 never executed
call   10 returned 100%
        -:  640:    try {
        3:  641:        Integer<int> x = 0;
branch  0 taken 100% (fallthrough)
branch  1 taken 0% (throw)
call    2 returned 100%
        3:  642:        x >>= 3;
branch  0 taken 0% (fallthrough)
branch  1 taken 100% (throw)
call    2 returned 100%
    #####:  643:        ASSERT_TRUE(false);}
branch  0 never executed
branch  1 never executed
call    2 never executed
call    3 never executed
branch  4 never executed
branch  5 never executed
branch  6 never executed
branch  7 never executed
call    8 never executed
branch  9 never executed
branch 10 never executed
call   11 never executed
call   12 never executed
branch 13 never executed
branch 14 never executed
call   15 never executed
branch 16 never executed
branch 17 never executed
call   18 never executed
branch 19 never executed
branch 20 never executed
call   21 never executed
call   22 never executed
branch 23 never executed
branch 24 never executed
call   25 never executed
branch 26 never executed
branch 27 never executed
call   28 never executed
branch 29 never executed
branch 30 never executed
call   31 never executed
branch 32 never executed
branch 33 never executed
call   34 never executed
call   35 never executed
call   36 never executed
call   37 never executed
call   38 returned 100%
branch 39 taken 0% (fallthrough)
branch 40 taken 100%
call   41 never executed
        3:  644:    catch (std::invalid_argument& e) {
call    0 returned 100%
call    1 returned 100%
        -:  645:        }}
        -:  646:
function _ZN33Integer_shift_right_equals_3_TestD0Ev called 3 returned 100% blocks executed 100%
function _ZN33Integer_shift_right_equals_3_TestD2Ev called 3 returned 100% blocks executed 75%
function _ZN33Integer_shift_right_equals_3_Test8TestBodyEv called 3 returned 100% blocks executed 23%
function _ZN33Integer_shift_right_equals_3_TestC2Ev called 3 returned 100% blocks executed 100%
       15:  647:TEST(Integer, shift_right_equals_3) {
call    0 returned 100%
call    1 returned 100%
call    2 returned 100%
call    3 returned 100%
call    4 returned 100%
call    5 returned 100%
call    6 returned 100%
branch  7 taken 0% (fallthrough)
branch  8 taken 100%
call    9 never executed
call   10 returned 100%
        -:  648:    try {
        3:  649:        Integer<int> x = 12345;
branch  0 taken 100% (fallthrough)
branch  1 taken 0% (throw)
call    2 returned 100%
        3:  650:        x >>= 7;
branch  0 taken 0% (fallthrough)
branch  1 taken 100% (throw)
call    2 returned 100%
    #####:  651:        ASSERT_TRUE(false);}
branch  0 never executed
branch  1 never executed
call    2 never executed
call    3 never executed
branch  4 never executed
branch  5 never executed
branch  6 never executed
branch  7 never executed
call    8 never executed
branch  9 never executed
branch 10 never executed
call   11 never executed
call   12 never executed
branch 13 never executed
branch 14 never executed
call   15 never executed
branch 16 never executed
branch 17 never executed
call   18 never executed
branch 19 never executed
branch 20 never executed
call   21 never executed
call   22 never executed
branch 23 never executed
branch 24 never executed
call   25 never executed
branch 26 never executed
branch 27 never executed
call   28 never executed
branch 29 never executed
branch 30 never executed
call   31 never executed
branch 32 never executed
branch 33 never executed
call   34 never executed
call   35 never executed
call   36 never executed
call   37 never executed
call   38 returned 100%
branch 39 taken 0% (fallthrough)
branch 40 taken 100%
call   41 never executed
        3:  652:    catch (std::invalid_argument& e) {
call    0 returned 100%
call    1 returned 100%
        -:  653:        }}
        -:  654:
        -:  655://------------
        -:  656://greater_than
        -:  657://------------
        -:  658:
function _ZN27Integer_greater_than_1_TestD0Ev called 3 returned 100% blocks executed 100%
function _ZN27Integer_greater_than_1_TestD2Ev called 3 returned 100% blocks executed 75%
function _ZN27Integer_greater_than_1_Test8TestBodyEv called 3 returned 100% blocks executed 45%
function _ZN27Integer_greater_than_1_TestC2Ev called 3 returned 100% blocks executed 100%
       15:  659:TEST(Integer, greater_than_1) {
call    0 returned 100%
call    1 returned 100%
call    2 returned 100%
call    3 returned 100%
call    4 returned 100%
call    5 returned 100%
call    6 returned 100%
branch  7 taken 0% (fallthrough)
branch  8 taken 100%
call    9 never executed
call   10 returned 100%
        3:  660:    std::vector<int> v1{1, 2, 3};
call    0 returned 100%
branch  1 taken 100% (fallthrough)
branch  2 taken 0% (throw)
call    3 returned 100%
call    4 returned 100%
call    5 never executed
        3:  661:    std::vector<int> v2{1, 2, 3};
call    0 returned 100%
branch  1 taken 100% (fallthrough)
branch  2 taken 0% (throw)
call    3 returned 100%
call    4 returned 100%
call    5 never executed
        3:  662:    int x = greater_than(v1, v2);
branch  0 taken 100% (fallthrough)
branch  1 taken 0% (throw)
call    2 returned 100%
branch  3 taken 100% (fallthrough)
branch  4 taken 0% (throw)
call    5 returned 100%
branch  6 taken 100% (fallthrough)
branch  7 taken 0% (throw)
call    8 returned 100%
call    9 returned 100%
call   10 returned 100%
call   11 never executed
call   12 never executed
        3:  663:    ASSERT_EQ(0, x);    
branch  0 taken 100% (fallthrough)
branch  1 taken 0% (throw)
call    2 returned 100%
call    3 returned 100%
branch  4 taken 0% (fallthrough)
branch  5 taken 100%
branch  6 never executed
branch  7 never executed
call    8 never executed
branch  9 never executed
branch 10 never executed
call   11 never executed
branch 12 never executed
branch 13 never executed
call   14 never executed
branch 15 never executed
branch 16 never executed
call   17 never executed
branch 18 never executed
branch 19 never executed
call   20 never executed
branch 21 never executed
branch 22 never executed
call   23 never executed
branch 24 taken 100% (fallthrough)
branch 25 taken 0% (throw)
call   26 returned 100%
branch 27 taken 100%
branch 28 taken 0%
call   29 returned 100%
branch 30 taken 0%
branch 31 taken 100%
call   32 returned 100%
branch 33 taken 100%
branch 34 taken 0%
call   35 never executed
call   36 never executed
call   37 never executed
call   38 never executed
call   39 never executed
call   40 never executed
        -:  664:}
        -:  665:
function _ZN27Integer_greater_than_2_TestD0Ev called 3 returned 100% blocks executed 100%
function _ZN27Integer_greater_than_2_TestD2Ev called 3 returned 100% blocks executed 75%
function _ZN27Integer_greater_than_2_Test8TestBodyEv called 3 returned 100% blocks executed 45%
function _ZN27Integer_greater_than_2_TestC2Ev called 3 returned 100% blocks executed 100%
       15:  666:TEST(Integer, greater_than_2) {
call    0 returned 100%
call    1 returned 100%
call    2 returned 100%
call    3 returned 100%
call    4 returned 100%
call    5 returned 100%
call    6 returned 100%
branch  7 taken 0% (fallthrough)
branch  8 taken 100%
call    9 never executed
call   10 returned 100%
        3:  667:    std::vector<int> v1{1, 2, 3};
call    0 returned 100%
branch  1 taken 100% (fallthrough)
branch  2 taken 0% (throw)
call    3 returned 100%
call    4 returned 100%
call    5 never executed
        3:  668:    std::vector<int> v2{1, 2, 2};
call    0 returned 100%
branch  1 taken 100% (fallthrough)
branch  2 taken 0% (throw)
call    3 returned 100%
call    4 returned 100%
call    5 never executed
        3:  669:    int x = greater_than(v1, v2);
branch  0 taken 100% (fallthrough)
branch  1 taken 0% (throw)
call    2 returned 100%
branch  3 taken 100% (fallthrough)
branch  4 taken 0% (throw)
call    5 returned 100%
branch  6 taken 100% (fallthrough)
branch  7 taken 0% (throw)
call    8 returned 100%
call    9 returned 100%
call   10 returned 100%
call   11 never executed
call   12 never executed
        3:  670:    ASSERT_EQ(1, x);    
branch  0 taken 100% (fallthrough)
branch  1 taken 0% (throw)
call    2 returned 100%
call    3 returned 100%
branch  4 taken 0% (fallthrough)
branch  5 taken 100%
branch  6 never executed
branch  7 never executed
call    8 never executed
branch  9 never executed
branch 10 never executed
call   11 never executed
branch 12 never executed
branch 13 never executed
call   14 never executed
branch 15 never executed
branch 16 never executed
call   17 never executed
branch 18 never executed
branch 19 never executed
call   20 never executed
branch 21 never executed
branch 22 never executed
call   23 never executed
branch 24 taken 100% (fallthrough)
branch 25 taken 0% (throw)
call   26 returned 100%
branch 27 taken 100%
branch 28 taken 0%
call   29 returned 100%
branch 30 taken 0%
branch 31 taken 100%
call   32 returned 100%
branch 33 taken 100%
branch 34 taken 0%
call   35 never executed
call   36 never executed
call   37 never executed
call   38 never executed
call   39 never executed
call   40 never executed
        -:  671:}
        -:  672:
function _ZN27Integer_greater_than_3_TestD0Ev called 3 returned 100% blocks executed 100%
function _ZN27Integer_greater_than_3_TestD2Ev called 3 returned 100% blocks executed 75%
function _ZN27Integer_greater_than_3_Test8TestBodyEv called 3 returned 100% blocks executed 45%
function _ZN27Integer_greater_than_3_TestC2Ev called 3 returned 100% blocks executed 100%
       15:  673:TEST(Integer, greater_than_3) {
call    0 returned 100%
call    1 returned 100%
call    2 returned 100%
call    3 returned 100%
call    4 returned 100%
call    5 returned 100%
call    6 returned 100%
branch  7 taken 0% (fallthrough)
branch  8 taken 100%
call    9 never executed
call   10 returned 100%
        3:  674:    std::vector<int> v1{1, 2, 3};
call    0 returned 100%
branch  1 taken 100% (fallthrough)
branch  2 taken 0% (throw)
call    3 returned 100%
call    4 returned 100%
call    5 never executed
        3:  675:    std::vector<int> v2{1, 2, 4};
call    0 returned 100%
branch  1 taken 100% (fallthrough)
branch  2 taken 0% (throw)
call    3 returned 100%
call    4 returned 100%
call    5 never executed
        3:  676:    int x = greater_than(v1, v2);
branch  0 taken 100% (fallthrough)
branch  1 taken 0% (throw)
call    2 returned 100%
branch  3 taken 100% (fallthrough)
branch  4 taken 0% (throw)
call    5 returned 100%
branch  6 taken 100% (fallthrough)
branch  7 taken 0% (throw)
call    8 returned 100%
call    9 returned 100%
call   10 returned 100%
call   11 never executed
call   12 never executed
        3:  677:    ASSERT_EQ(-1, x);    
branch  0 taken 100% (fallthrough)
branch  1 taken 0% (throw)
call    2 returned 100%
call    3 returned 100%
branch  4 taken 0% (fallthrough)
branch  5 taken 100%
branch  6 never executed
branch  7 never executed
call    8 never executed
branch  9 never executed
branch 10 never executed
call   11 never executed
branch 12 never executed
branch 13 never executed
call   14 never executed
branch 15 never executed
branch 16 never executed
call   17 never executed
branch 18 never executed
branch 19 never executed
call   20 never executed
branch 21 never executed
branch 22 never executed
call   23 never executed
branch 24 taken 100% (fallthrough)
branch 25 taken 0% (throw)
call   26 returned 100%
branch 27 taken 100%
branch 28 taken 0%
call   29 returned 100%
branch 30 taken 0%
branch 31 taken 100%
call   32 returned 100%
branch 33 taken 100%
branch 34 taken 0%
call   35 never executed
call   36 never executed
call   37 never executed
call   38 never executed
call   39 never executed
call   40 never executed
function _GLOBAL__sub_I__Z12greater_thanSt6vectorIiSaIiEES1_ called 3 returned 100% blocks executed 100%
function _Z41__static_initialization_and_destruction_0ii called 3 returned 100% blocks executed 100%
        9:  678:}ùF¦
call    0 returned 100%
branch  1 taken 100% (fallthrough)
branch  2 taken 0%
branch  3 taken 100% (fallthrough)
branch  4 taken 0%
